{"C:\\Users\\Manager\\Desktop\\AB SCRIPT INJECTION\\src\\app\\layout.tsx": {"path":"C:\\Users\\Manager\\Desktop\\AB SCRIPT INJECTION\\src\\app\\layout.tsx","statementMap":{"0":{"start":{"line":14,"column":24},"end":{"line":14,"column":40}},"1":{"start":{"line":9,"column":13},"end":{"line":9,"column":21}},"2":{"start":{"line":2,"column":22},"end":{"line":2,"column":null}},"3":{"start":{"line":3,"column":24},"end":{"line":3,"column":null}},"4":{"start":{"line":4,"column":17},"end":{"line":4,"column":null}},"5":{"start":{"line":5,"column":7},"end":{"line":5,"column":null}},"6":{"start":{"line":7,"column":14},"end":{"line":7,"column":null}},"7":{"start":{"line":9,"column":34},"end":{"line":12,"column":null}}},"fnMap":{"0":{"name":"LayoutPrincipal","decl":{"start":{"line":14,"column":24},"end":{"line":14,"column":40}},"loc":{"start":{"line":18,"column":1},"end":{"line":67,"column":1}}}},"branchMap":{},"s":{"0":0,"1":0,"2":0,"3":0,"4":0,"5":0,"6":0,"7":0},"f":{"0":0},"b":{}}
,"C:\\Users\\Manager\\Desktop\\AB SCRIPT INJECTION\\src\\app\\page.tsx": {"path":"C:\\Users\\Manager\\Desktop\\AB SCRIPT INJECTION\\src\\app\\page.tsx","statementMap":{"0":{"start":{"line":4,"column":24},"end":{"line":4,"column":null}},"1":{"start":{"line":1,"column":17},"end":{"line":1,"column":null}},"2":{"start":{"line":2,"column":41},"end":{"line":2,"column":null}}},"fnMap":{"0":{"name":"PaginaInicio","decl":{"start":{"line":4,"column":24},"end":{"line":4,"column":null}},"loc":{"start":{"line":4,"column":24},"end":{"line":148,"column":null}}}},"branchMap":{},"s":{"0":0,"1":0,"2":0},"f":{"0":0},"b":{}}
,"C:\\Users\\Manager\\Desktop\\AB SCRIPT INJECTION\\src\\app\\api\\scripts\\route.ts": {"path":"C:\\Users\\Manager\\Desktop\\AB SCRIPT INJECTION\\src\\app\\api\\scripts\\route.ts","statementMap":{"0":{"start":{"line":8,"column":22},"end":{"line":8,"column":25}},"1":{"start":{"line":25,"column":22},"end":{"line":25,"column":26}},"2":{"start":{"line":1,"column":29},"end":{"line":1,"column":null}},"3":{"start":{"line":2,"column":32},"end":{"line":2,"column":null}},"4":{"start":{"line":9,"column":20},"end":{"line":9,"column":null}},"5":{"start":{"line":11,"column":2},"end":{"line":16,"column":null}},"6":{"start":{"line":12,"column":4},"end":{"line":14,"column":null}},"7":{"start":{"line":18,"column":2},"end":{"line":18,"column":null}},"8":{"start":{"line":26,"column":2},"end":{"line":59,"column":null}},"9":{"start":{"line":27,"column":17},"end":{"line":27,"column":null}},"10":{"start":{"line":28,"column":44},"end":{"line":28,"column":null}},"11":{"start":{"line":30,"column":4},"end":{"line":35,"column":null}},"12":{"start":{"line":31,"column":6},"end":{"line":33,"column":null}},"13":{"start":{"line":37,"column":22},"end":{"line":41,"column":null}},"14":{"start":{"line":43,"column":4},"end":{"line":48,"column":null}},"15":{"start":{"line":44,"column":6},"end":{"line":46,"column":null}},"16":{"start":{"line":50,"column":4},"end":{"line":52,"column":null}},"17":{"start":{"line":55,"column":4},"end":{"line":57,"column":null}}},"fnMap":{"0":{"name":"GET","decl":{"start":{"line":8,"column":22},"end":{"line":8,"column":25}},"loc":{"start":{"line":8,"column":22},"end":{"line":19,"column":null}}},"1":{"name":"POST","decl":{"start":{"line":25,"column":22},"end":{"line":25,"column":26}},"loc":{"start":{"line":25,"column":43},"end":{"line":60,"column":null}}}},"branchMap":{"0":{"loc":{"start":{"line":11,"column":2},"end":{"line":16,"column":null}},"type":"if","locations":[{"start":{"line":11,"column":2},"end":{"line":16,"column":null}},{"start":{},"end":{}}]},"1":{"loc":{"start":{"line":30,"column":4},"end":{"line":35,"column":null}},"type":"if","locations":[{"start":{"line":30,"column":4},"end":{"line":35,"column":null}},{"start":{},"end":{}}]},"2":{"loc":{"start":{"line":30,"column":8},"end":{"line":30,"column":28}},"type":"binary-expr","locations":[{"start":{"line":30,"column":8},"end":{"line":30,"column":19}},{"start":{"line":30,"column":19},"end":{"line":30,"column":28}}]},"3":{"loc":{"start":{"line":39,"column":19},"end":{"line":39,"column":null}},"type":"binary-expr","locations":[{"start":{"line":39,"column":19},"end":{"line":39,"column":34}},{"start":{"line":39,"column":34},"end":{"line":39,"column":null}}]},"4":{"loc":{"start":{"line":43,"column":4},"end":{"line":48,"column":null}},"type":"if","locations":[{"start":{"line":43,"column":4},"end":{"line":48,"column":null}},{"start":{},"end":{}}]}},"s":{"0":0,"1":0,"2":0,"3":0,"4":0,"5":0,"6":0,"7":0,"8":0,"9":0,"10":0,"11":0,"12":0,"13":0,"14":0,"15":0,"16":0,"17":0},"f":{"0":0,"1":0},"b":{"0":[0,0],"1":[0,0],"2":[0,0],"3":[0,0],"4":[0,0]}}
,"C:\\Users\\Manager\\Desktop\\AB SCRIPT INJECTION\\src\\app\\api\\scripts\\[id]\\route.ts": {"path":"C:\\Users\\Manager\\Desktop\\AB SCRIPT INJECTION\\src\\app\\api\\scripts\\[id]\\route.ts","statementMap":{"0":{"start":{"line":64,"column":22},"end":{"line":64,"column":28}},"1":{"start":{"line":12,"column":22},"end":{"line":12,"column":25}},"2":{"start":{"line":31,"column":22},"end":{"line":31,"column":25}},"3":{"start":{"line":1,"column":29},"end":{"line":1,"column":null}},"4":{"start":{"line":2,"column":32},"end":{"line":2,"column":null}},"5":{"start":{"line":13,"column":17},"end":{"line":13,"column":null}},"6":{"start":{"line":15,"column":20},"end":{"line":15,"column":null}},"7":{"start":{"line":17,"column":2},"end":{"line":22,"column":null}},"8":{"start":{"line":18,"column":4},"end":{"line":20,"column":null}},"9":{"start":{"line":24,"column":2},"end":{"line":24,"column":null}},"10":{"start":{"line":32,"column":17},"end":{"line":32,"column":null}},"11":{"start":{"line":34,"column":2},"end":{"line":57,"column":null}},"12":{"start":{"line":35,"column":17},"end":{"line":35,"column":null}},"13":{"start":{"line":36,"column":44},"end":{"line":36,"column":null}},"14":{"start":{"line":38,"column":22},"end":{"line":42,"column":null}},"15":{"start":{"line":44,"column":4},"end":{"line":49,"column":null}},"16":{"start":{"line":45,"column":6},"end":{"line":47,"column":null}},"17":{"start":{"line":51,"column":4},"end":{"line":51,"column":null}},"18":{"start":{"line":53,"column":4},"end":{"line":55,"column":null}},"19":{"start":{"line":65,"column":17},"end":{"line":65,"column":null}},"20":{"start":{"line":67,"column":20},"end":{"line":67,"column":null}},"21":{"start":{"line":69,"column":2},"end":{"line":74,"column":null}},"22":{"start":{"line":70,"column":4},"end":{"line":72,"column":null}},"23":{"start":{"line":76,"column":2},"end":{"line":76,"column":null}}},"fnMap":{"0":{"name":"GET","decl":{"start":{"line":12,"column":22},"end":{"line":12,"column":25}},"loc":{"start":{"line":12,"column":62},"end":{"line":25,"column":null}}},"1":{"name":"PUT","decl":{"start":{"line":31,"column":22},"end":{"line":31,"column":25}},"loc":{"start":{"line":31,"column":62},"end":{"line":58,"column":null}}},"2":{"name":"DELETE","decl":{"start":{"line":64,"column":22},"end":{"line":64,"column":28}},"loc":{"start":{"line":64,"column":65},"end":{"line":77,"column":null}}}},"branchMap":{"0":{"loc":{"start":{"line":17,"column":2},"end":{"line":22,"column":null}},"type":"if","locations":[{"start":{"line":17,"column":2},"end":{"line":22,"column":null}},{"start":{},"end":{}}]},"1":{"loc":{"start":{"line":44,"column":4},"end":{"line":49,"column":null}},"type":"if","locations":[{"start":{"line":44,"column":4},"end":{"line":49,"column":null}},{"start":{},"end":{}}]},"2":{"loc":{"start":{"line":69,"column":2},"end":{"line":74,"column":null}},"type":"if","locations":[{"start":{"line":69,"column":2},"end":{"line":74,"column":null}},{"start":{},"end":{}}]}},"s":{"0":0,"1":0,"2":0,"3":0,"4":0,"5":0,"6":0,"7":0,"8":0,"9":0,"10":0,"11":0,"12":0,"13":0,"14":0,"15":0,"16":0,"17":0,"18":0,"19":0,"20":0,"21":0,"22":0,"23":0},"f":{"0":0,"1":0,"2":0},"b":{"0":[0,0],"1":[0,0],"2":[0,0]}}
,"C:\\Users\\Manager\\Desktop\\AB SCRIPT INJECTION\\src\\app\\api\\scripts\\[id]\\despublicar\\route.ts": {"path":"C:\\Users\\Manager\\Desktop\\AB SCRIPT INJECTION\\src\\app\\api\\scripts\\[id]\\despublicar\\route.ts","statementMap":{"0":{"start":{"line":12,"column":22},"end":{"line":12,"column":27}},"1":{"start":{"line":1,"column":29},"end":{"line":1,"column":null}},"2":{"start":{"line":2,"column":32},"end":{"line":2,"column":null}},"3":{"start":{"line":13,"column":17},"end":{"line":13,"column":null}},"4":{"start":{"line":15,"column":20},"end":{"line":15,"column":null}},"5":{"start":{"line":17,"column":2},"end":{"line":22,"column":null}},"6":{"start":{"line":18,"column":4},"end":{"line":20,"column":null}},"7":{"start":{"line":24,"column":2},"end":{"line":24,"column":null}}},"fnMap":{"0":{"name":"POST","decl":{"start":{"line":12,"column":22},"end":{"line":12,"column":27}},"loc":{"start":{"line":12,"column":63},"end":{"line":25,"column":null}}}},"branchMap":{"0":{"loc":{"start":{"line":17,"column":2},"end":{"line":22,"column":null}},"type":"if","locations":[{"start":{"line":17,"column":2},"end":{"line":22,"column":null}},{"start":{},"end":{}}]}},"s":{"0":0,"1":0,"2":0,"3":0,"4":0,"5":0,"6":0,"7":0},"f":{"0":0},"b":{"0":[0,0]}}
,"C:\\Users\\Manager\\Desktop\\AB SCRIPT INJECTION\\src\\app\\api\\scripts\\[id]\\publicar\\route.ts": {"path":"C:\\Users\\Manager\\Desktop\\AB SCRIPT INJECTION\\src\\app\\api\\scripts\\[id]\\publicar\\route.ts","statementMap":{"0":{"start":{"line":12,"column":22},"end":{"line":12,"column":27}},"1":{"start":{"line":1,"column":29},"end":{"line":1,"column":null}},"2":{"start":{"line":2,"column":32},"end":{"line":2,"column":null}},"3":{"start":{"line":13,"column":17},"end":{"line":13,"column":null}},"4":{"start":{"line":15,"column":20},"end":{"line":15,"column":null}},"5":{"start":{"line":17,"column":2},"end":{"line":22,"column":null}},"6":{"start":{"line":18,"column":4},"end":{"line":20,"column":null}},"7":{"start":{"line":24,"column":2},"end":{"line":24,"column":null}}},"fnMap":{"0":{"name":"POST","decl":{"start":{"line":12,"column":22},"end":{"line":12,"column":27}},"loc":{"start":{"line":12,"column":63},"end":{"line":25,"column":null}}}},"branchMap":{"0":{"loc":{"start":{"line":17,"column":2},"end":{"line":22,"column":null}},"type":"if","locations":[{"start":{"line":17,"column":2},"end":{"line":22,"column":null}},{"start":{},"end":{}}]}},"s":{"0":0,"1":0,"2":0,"3":0,"4":0,"5":0,"6":0,"7":0},"f":{"0":0},"b":{"0":[0,0]}}
,"C:\\Users\\Manager\\Desktop\\AB SCRIPT INJECTION\\src\\app\\p\\[id]\\route.ts": {"path":"C:\\Users\\Manager\\Desktop\\AB SCRIPT INJECTION\\src\\app\\p\\[id]\\route.ts","statementMap":{"0":{"start":{"line":14,"column":22},"end":{"line":14,"column":26}},"1":{"start":{"line":1,"column":29},"end":{"line":1,"column":null}},"2":{"start":{"line":2,"column":32},"end":{"line":2,"column":null}},"3":{"start":{"line":3,"column":31},"end":{"line":3,"column":null}},"4":{"start":{"line":16,"column":25},"end":{"line":16,"column":34}},"5":{"start":{"line":17,"column":20},"end":{"line":17,"column":null}},"6":{"start":{"line":19,"column":20},"end":{"line":19,"column":null}},"7":{"start":{"line":21,"column":2},"end":{"line":35,"column":null}},"8":{"start":{"line":23,"column":24},"end":{"line":25,"column":1}},"9":{"start":{"line":26,"column":4},"end":{"line":34,"column":null}},"10":{"start":{"line":38,"column":25},"end":{"line":38,"column":null}},"11":{"start":{"line":41,"column":22},"end":{"line":47,"column":1}},"12":{"start":{"line":49,"column":2},"end":{"line":57,"column":null}}},"fnMap":{"0":{"name":"GET","decl":{"start":{"line":14,"column":22},"end":{"line":14,"column":26}},"loc":{"start":{"line":14,"column":62},"end":{"line":58,"column":null}}}},"branchMap":{"0":{"loc":{"start":{"line":21,"column":2},"end":{"line":35,"column":null}},"type":"if","locations":[{"start":{"line":21,"column":2},"end":{"line":35,"column":null}},{"start":{},"end":{}}]},"1":{"loc":{"start":{"line":21,"column":6},"end":{"line":21,"column":41}},"type":"binary-expr","locations":[{"start":{"line":21,"column":6},"end":{"line":21,"column":21}},{"start":{"line":21,"column":25},"end":{"line":21,"column":41}}]}},"s":{"0":0,"1":0,"2":0,"3":0,"4":0,"5":0,"6":0,"7":0,"8":0,"9":0,"10":0,"11":0,"12":0},"f":{"0":0},"b":{"0":[0,0],"1":[0,0]}}
,"C:\\Users\\Manager\\Desktop\\AB SCRIPT INJECTION\\src\\app\\scripts\\page.tsx": {"path":"C:\\Users\\Manager\\Desktop\\AB SCRIPT INJECTION\\src\\app\\scripts\\page.tsx","statementMap":{"0":{"start":{"line":12,"column":24},"end":{"line":12,"column":null}},"1":{"start":{"line":3,"column":36},"end":{"line":3,"column":null}},"2":{"start":{"line":4,"column":17},"end":{"line":4,"column":null}},"3":{"start":{"line":5,"column":26},"end":{"line":5,"column":null}},"4":{"start":{"line":6,"column":41},"end":{"line":6,"column":null}},"5":{"start":{"line":13,"column":32},"end":{"line":13,"column":null}},"6":{"start":{"line":14,"column":34},"end":{"line":14,"column":null}},"7":{"start":{"line":15,"column":28},"end":{"line":15,"column":null}},"8":{"start":{"line":17,"column":24},"end":{"line":39,"column":null}},"9":{"start":{"line":18,"column":4},"end":{"line":38,"column":null}},"10":{"start":{"line":19,"column":6},"end":{"line":19,"column":null}},"11":{"start":{"line":20,"column":6},"end":{"line":20,"column":null}},"12":{"start":{"line":21,"column":24},"end":{"line":21,"column":null}},"13":{"start":{"line":22,"column":20},"end":{"line":22,"column":null}},"14":{"start":{"line":24,"column":6},"end":{"line":33,"column":null}},"15":{"start":{"line":26,"column":8},"end":{"line":30,"column":null}},"16":{"start":{"line":27,"column":10},"end":{"line":27,"column":null}},"17":{"start":{"line":29,"column":10},"end":{"line":29,"column":null}},"18":{"start":{"line":32,"column":8},"end":{"line":32,"column":null}},"19":{"start":{"line":35,"column":6},"end":{"line":35,"column":null}},"20":{"start":{"line":37,"column":6},"end":{"line":37,"column":null}},"21":{"start":{"line":41,"column":2},"end":{"line":43,"column":null}},"22":{"start":{"line":42,"column":4},"end":{"line":42,"column":null}},"23":{"start":{"line":45,"column":26},"end":{"line":47,"column":null}},"24":{"start":{"line":46,"column":4},"end":{"line":46,"column":null}},"25":{"start":{"line":46,"column":40},"end":{"line":46,"column":null}},"26":{"start":{"line":49,"column":2},"end":{"line":61,"column":null}},"27":{"start":{"line":63,"column":2},"end":{"line":74,"column":null}},"28":{"start":{"line":115,"column":12},"end":{"line":116,"column":null}}},"fnMap":{"0":{"name":"PaginaScripts","decl":{"start":{"line":12,"column":24},"end":{"line":12,"column":null}},"loc":{"start":{"line":12,"column":24},"end":{"line":130,"column":null}}},"1":{"name":"(anonymous_3)","decl":{"start":{"line":17,"column":24},"end":{"line":17,"column":null}},"loc":{"start":{"line":17,"column":24},"end":{"line":39,"column":null}}},"2":{"name":"(anonymous_4)","decl":{"start":{"line":41,"column":12},"end":{"line":41,"column":null}},"loc":{"start":{"line":41,"column":12},"end":{"line":43,"column":5}}},"3":{"name":"(anonymous_5)","decl":{"start":{"line":45,"column":26},"end":{"line":45,"column":27}},"loc":{"start":{"line":45,"column":27},"end":{"line":47,"column":null}}},"4":{"name":"(anonymous_6)","decl":{"start":{"line":46,"column":30},"end":{"line":46,"column":40}},"loc":{"start":{"line":46,"column":40},"end":{"line":46,"column":null}}},"5":{"name":"(anonymous_7)","decl":{"start":{"line":114,"column":23},"end":{"line":114,"column":24}},"loc":{"start":{"line":115,"column":12},"end":{"line":116,"column":null}}}},"branchMap":{"0":{"loc":{"start":{"line":24,"column":6},"end":{"line":33,"column":null}},"type":"if","locations":[{"start":{"line":24,"column":6},"end":{"line":33,"column":null}},{"start":{"line":31,"column":13},"end":{"line":33,"column":null}}]},"1":{"loc":{"start":{"line":26,"column":8},"end":{"line":30,"column":null}},"type":"if","locations":[{"start":{"line":26,"column":8},"end":{"line":30,"column":null}},{"start":{"line":28,"column":15},"end":{"line":30,"column":null}}]},"2":{"loc":{"start":{"line":26,"column":12},"end":{"line":26,"column":63}},"type":"binary-expr","locations":[{"start":{"line":26,"column":12},"end":{"line":26,"column":36}},{"start":{"line":26,"column":36},"end":{"line":26,"column":63}}]},"3":{"loc":{"start":{"line":32,"column":19},"end":{"line":32,"column":64}},"type":"cond-expr","locations":[{"start":{"line":32,"column":48},"end":{"line":32,"column":59}},{"start":{"line":32,"column":62},"end":{"line":32,"column":64}}]},"4":{"loc":{"start":{"line":49,"column":2},"end":{"line":61,"column":null}},"type":"if","locations":[{"start":{"line":49,"column":2},"end":{"line":61,"column":null}},{"start":{},"end":{}}]},"5":{"loc":{"start":{"line":63,"column":2},"end":{"line":74,"column":null}},"type":"if","locations":[{"start":{"line":63,"column":2},"end":{"line":74,"column":null}},{"start":{},"end":{}}]},"6":{"loc":{"start":{"line":96,"column":8},"end":{"line":113,"column":9}},"type":"cond-expr","locations":[{"start":{"line":96,"column":8},"end":{"line":113,"column":9}}]}},"s":{"0":0,"1":0,"2":0,"3":0,"4":0,"5":0,"6":0,"7":0,"8":0,"9":0,"10":0,"11":0,"12":0,"13":0,"14":0,"15":0,"16":0,"17":0,"18":0,"19":0,"20":0,"21":0,"22":0,"23":0,"24":0,"25":0,"26":0,"27":0,"28":0},"f":{"0":0,"1":0,"2":0,"3":0,"4":0,"5":0},"b":{"0":[0,0],"1":[0,0],"2":[0,0],"3":[0,0],"4":[0,0],"5":[0,0],"6":[0]}}
,"C:\\Users\\Manager\\Desktop\\AB SCRIPT INJECTION\\src\\app\\scripts\\[id]\\page.tsx": {"path":"C:\\Users\\Manager\\Desktop\\AB SCRIPT INJECTION\\src\\app\\scripts\\[id]\\page.tsx","statementMap":{"0":{"start":{"line":25,"column":24},"end":{"line":25,"column":null}},"1":{"start":{"line":3,"column":49},"end":{"line":3,"column":null}},"2":{"start":{"line":4,"column":37},"end":{"line":4,"column":null}},"3":{"start":{"line":5,"column":20},"end":{"line":5,"column":null}},"4":{"start":{"line":6,"column":17},"end":{"line":6,"column":null}},"5":{"start":{"line":7,"column":51},"end":{"line":7,"column":null}},"6":{"start":{"line":8,"column":22},"end":{"line":8,"column":null}},"7":{"start":{"line":9,"column":29},"end":{"line":9,"column":null}},"8":{"start":{"line":13,"column":35},"end":{"line":13,"column":null}},"9":{"start":{"line":26,"column":17},"end":{"line":26,"column":null}},"10":{"start":{"line":27,"column":17},"end":{"line":27,"column":null}},"11":{"start":{"line":28,"column":13},"end":{"line":28,"column":22}},"12":{"start":{"line":30,"column":30},"end":{"line":30,"column":null}},"13":{"start":{"line":31,"column":30},"end":{"line":31,"column":null}},"14":{"start":{"line":32,"column":40},"end":{"line":32,"column":null}},"15":{"start":{"line":33,"column":30},"end":{"line":33,"column":null}},"16":{"start":{"line":34,"column":34},"end":{"line":34,"column":null}},"17":{"start":{"line":35,"column":36},"end":{"line":35,"column":null}},"18":{"start":{"line":36,"column":38},"end":{"line":36,"column":null}},"19":{"start":{"line":38,"column":23},"end":{"line":59,"column":null}},"20":{"start":{"line":39,"column":4},"end":{"line":58,"column":null}},"21":{"start":{"line":40,"column":6},"end":{"line":40,"column":null}},"22":{"start":{"line":41,"column":24},"end":{"line":41,"column":null}},"23":{"start":{"line":42,"column":20},"end":{"line":42,"column":null}},"24":{"start":{"line":44,"column":6},"end":{"line":52,"column":null}},"25":{"start":{"line":45,"column":8},"end":{"line":45,"column":null}},"26":{"start":{"line":46,"column":8},"end":{"line":46,"column":null}},"27":{"start":{"line":48,"column":8},"end":{"line":48,"column":null}},"28":{"start":{"line":49,"column":8},"end":{"line":49,"column":null}},"29":{"start":{"line":50,"column":8},"end":{"line":50,"column":null}},"30":{"start":{"line":51,"column":8},"end":{"line":51,"column":null}},"31":{"start":{"line":54,"column":6},"end":{"line":54,"column":null}},"32":{"start":{"line":55,"column":6},"end":{"line":55,"column":null}},"33":{"start":{"line":57,"column":6},"end":{"line":57,"column":null}},"34":{"start":{"line":61,"column":2},"end":{"line":65,"column":null}},"35":{"start":{"line":62,"column":4},"end":{"line":64,"column":null}},"36":{"start":{"line":63,"column":6},"end":{"line":63,"column":null}},"37":{"start":{"line":67,"column":25},"end":{"line":98,"column":null}},"38":{"start":{"line":68,"column":4},"end":{"line":71,"column":null}},"39":{"start":{"line":69,"column":6},"end":{"line":69,"column":null}},"40":{"start":{"line":70,"column":6},"end":{"line":70,"column":null}},"41":{"start":{"line":73,"column":4},"end":{"line":73,"column":null}},"42":{"start":{"line":74,"column":4},"end":{"line":97,"column":null}},"43":{"start":{"line":75,"column":24},"end":{"line":83,"column":null}},"44":{"start":{"line":85,"column":20},"end":{"line":85,"column":null}},"45":{"start":{"line":87,"column":6},"end":{"line":92,"column":null}},"46":{"start":{"line":88,"column":8},"end":{"line":88,"column":null}},"47":{"start":{"line":90,"column":8},"end":{"line":90,"column":null}},"48":{"start":{"line":91,"column":8},"end":{"line":91,"column":null}},"49":{"start":{"line":94,"column":6},"end":{"line":94,"column":null}},"50":{"start":{"line":96,"column":6},"end":{"line":96,"column":null}},"51":{"start":{"line":100,"column":26},"end":{"line":123,"column":null}},"52":{"start":{"line":101,"column":4},"end":{"line":101,"column":null}},"53":{"start":{"line":102,"column":4},"end":{"line":122,"column":null}},"54":{"start":{"line":104,"column":6},"end":{"line":104,"column":null}},"55":{"start":{"line":106,"column":24},"end":{"line":108,"column":null}},"56":{"start":{"line":110,"column":20},"end":{"line":110,"column":null}},"57":{"start":{"line":112,"column":6},"end":{"line":117,"column":null}},"58":{"start":{"line":113,"column":8},"end":{"line":113,"column":null}},"59":{"start":{"line":115,"column":8},"end":{"line":115,"column":null}},"60":{"start":{"line":116,"column":8},"end":{"line":116,"column":null}},"61":{"start":{"line":119,"column":6},"end":{"line":119,"column":null}},"62":{"start":{"line":121,"column":6},"end":{"line":121,"column":null}},"63":{"start":{"line":125,"column":29},"end":{"line":142,"column":null}},"64":{"start":{"line":126,"column":4},"end":{"line":141,"column":null}},"65":{"start":{"line":127,"column":24},"end":{"line":129,"column":null}},"66":{"start":{"line":131,"column":20},"end":{"line":131,"column":null}},"67":{"start":{"line":133,"column":6},"end":{"line":138,"column":null}},"68":{"start":{"line":134,"column":8},"end":{"line":134,"column":null}},"69":{"start":{"line":136,"column":8},"end":{"line":136,"column":null}},"70":{"start":{"line":137,"column":8},"end":{"line":137,"column":null}},"71":{"start":{"line":140,"column":6},"end":{"line":140,"column":null}},"72":{"start":{"line":144,"column":2},"end":{"line":156,"column":null}},"73":{"start":{"line":158,"column":2},"end":{"line":160,"column":null}},"74":{"start":{"line":159,"column":4},"end":{"line":159,"column":null}},"75":{"start":{"line":162,"column":24},"end":{"line":162,"column":null}},"76":{"start":{"line":201,"column":29},"end":{"line":201,"column":null}},"77":{"start":{"line":214,"column":29},"end":{"line":214,"column":null}}},"fnMap":{"0":{"name":"(anonymous_5)","decl":{"start":{"line":13,"column":29},"end":{"line":13,"column":35}},"loc":{"start":{"line":13,"column":35},"end":{"line":13,"column":null}}},"1":{"name":"(anonymous_6)","decl":{"start":{"line":13,"column":35},"end":{"line":13,"column":42}},"loc":{"start":{"line":13,"column":35},"end":{"line":13,"column":null}}},"2":{"name":"PaginaEditarScript","decl":{"start":{"line":25,"column":24},"end":{"line":25,"column":null}},"loc":{"start":{"line":25,"column":24},"end":{"line":277,"column":null}}},"3":{"name":"(anonymous_10)","decl":{"start":{"line":38,"column":35},"end":{"line":38,"column":null}},"loc":{"start":{"line":38,"column":35},"end":{"line":59,"column":5}}},"4":{"name":"(anonymous_11)","decl":{"start":{"line":61,"column":12},"end":{"line":61,"column":null}},"loc":{"start":{"line":61,"column":12},"end":{"line":65,"column":5}}},"5":{"name":"(anonymous_12)","decl":{"start":{"line":67,"column":25},"end":{"line":67,"column":null}},"loc":{"start":{"line":67,"column":25},"end":{"line":98,"column":null}}},"6":{"name":"(anonymous_13)","decl":{"start":{"line":100,"column":26},"end":{"line":100,"column":null}},"loc":{"start":{"line":100,"column":26},"end":{"line":123,"column":null}}},"7":{"name":"(anonymous_14)","decl":{"start":{"line":125,"column":29},"end":{"line":125,"column":null}},"loc":{"start":{"line":125,"column":29},"end":{"line":142,"column":null}}},"8":{"name":"(anonymous_15)","decl":{"start":{"line":201,"column":22},"end":{"line":201,"column":23}},"loc":{"start":{"line":201,"column":29},"end":{"line":201,"column":null}}},"9":{"name":"(anonymous_16)","decl":{"start":{"line":214,"column":22},"end":{"line":214,"column":23}},"loc":{"start":{"line":214,"column":29},"end":{"line":214,"column":null}}}},"branchMap":{"0":{"loc":{"start":{"line":44,"column":6},"end":{"line":52,"column":null}},"type":"if","locations":[{"start":{"line":44,"column":6},"end":{"line":52,"column":null}},{"start":{"line":47,"column":13},"end":{"line":52,"column":null}}]},"1":{"loc":{"start":{"line":50,"column":23},"end":{"line":50,"column":null}},"type":"binary-expr","locations":[{"start":{"line":50,"column":23},"end":{"line":50,"column":46}},{"start":{"line":50,"column":50},"end":{"line":50,"column":null}}]},"2":{"loc":{"start":{"line":62,"column":4},"end":{"line":64,"column":null}},"type":"if","locations":[{"start":{"line":62,"column":4},"end":{"line":64,"column":null}},{"start":{},"end":{}}]},"3":{"loc":{"start":{"line":68,"column":4},"end":{"line":71,"column":null}},"type":"if","locations":[{"start":{"line":68,"column":4},"end":{"line":71,"column":null}},{"start":{},"end":{}}]},"4":{"loc":{"start":{"line":80,"column":23},"end":{"line":80,"column":null}},"type":"binary-expr","locations":[{"start":{"line":80,"column":23},"end":{"line":80,"column":45}},{"start":{"line":80,"column":45},"end":{"line":80,"column":null}}]},"5":{"loc":{"start":{"line":87,"column":6},"end":{"line":92,"column":null}},"type":"if","locations":[{"start":{"line":87,"column":6},"end":{"line":92,"column":null}},{"start":{"line":89,"column":13},"end":{"line":92,"column":null}}]},"6":{"loc":{"start":{"line":112,"column":6},"end":{"line":117,"column":null}},"type":"if","locations":[{"start":{"line":112,"column":6},"end":{"line":117,"column":null}},{"start":{"line":114,"column":13},"end":{"line":117,"column":null}}]},"7":{"loc":{"start":{"line":133,"column":6},"end":{"line":138,"column":null}},"type":"if","locations":[{"start":{"line":133,"column":6},"end":{"line":138,"column":null}},{"start":{"line":135,"column":13},"end":{"line":138,"column":null}}]},"8":{"loc":{"start":{"line":144,"column":2},"end":{"line":156,"column":null}},"type":"if","locations":[{"start":{"line":144,"column":2},"end":{"line":156,"column":null}},{"start":{},"end":{}}]},"9":{"loc":{"start":{"line":158,"column":2},"end":{"line":160,"column":null}},"type":"if","locations":[{"start":{"line":158,"column":2},"end":{"line":160,"column":null}},{"start":{},"end":{}}]},"10":{"loc":{"start":{"line":177,"column":27},"end":{"line":177,"column":null}},"type":"cond-expr","locations":[{"start":{"line":177,"column":43},"end":{"line":177,"column":63}},{"start":{"line":177,"column":63},"end":{"line":177,"column":null}}]},"11":{"loc":{"start":{"line":178,"column":13},"end":{"line":178,"column":null}},"type":"cond-expr","locations":[{"start":{"line":178,"column":29},"end":{"line":178,"column":43}},{"start":{"line":178,"column":43},"end":{"line":178,"column":null}}]},"12":{"loc":{"start":{"line":184,"column":7},"end":{"line":184,"column":24}},"type":"binary-expr","locations":[{"start":{"line":184,"column":7},"end":{"line":184,"column":24}},{"start":{"line":184,"column":24},"end":{"line":184,"column":41}}]},"13":{"loc":{"start":{"line":240,"column":13},"end":{"line":240,"column":null}},"type":"cond-expr","locations":[{"start":{"line":240,"column":25},"end":{"line":240,"column":42}},{"start":{"line":240,"column":42},"end":{"line":240,"column":null}}]},"14":{"loc":{"start":{"line":244,"column":12},"end":{"line":252,"column":13}},"type":"cond-expr","locations":[{"start":{"line":244,"column":12},"end":{"line":252,"column":13}}]},"15":{"loc":{"start":{"line":258,"column":15},"end":{"line":258,"column":null}},"type":"cond-expr","locations":[{"start":{"line":258,"column":28},"end":{"line":258,"column":46}},{"start":{"line":258,"column":46},"end":{"line":258,"column":null}}]},"16":{"loc":{"start":{"line":262,"column":11},"end":{"line":262,"column":28}},"type":"binary-expr","locations":[{"start":{"line":262,"column":11},"end":{"line":262,"column":28}},{"start":{"line":262,"column":28},"end":{"line":262,"column":45}}]}},"s":{"0":0,"1":0,"2":0,"3":0,"4":0,"5":0,"6":0,"7":0,"8":0,"9":0,"10":0,"11":0,"12":0,"13":0,"14":0,"15":0,"16":0,"17":0,"18":0,"19":0,"20":0,"21":0,"22":0,"23":0,"24":0,"25":0,"26":0,"27":0,"28":0,"29":0,"30":0,"31":0,"32":0,"33":0,"34":0,"35":0,"36":0,"37":0,"38":0,"39":0,"40":0,"41":0,"42":0,"43":0,"44":0,"45":0,"46":0,"47":0,"48":0,"49":0,"50":0,"51":0,"52":0,"53":0,"54":0,"55":0,"56":0,"57":0,"58":0,"59":0,"60":0,"61":0,"62":0,"63":0,"64":0,"65":0,"66":0,"67":0,"68":0,"69":0,"70":0,"71":0,"72":0,"73":0,"74":0,"75":0,"76":0,"77":0},"f":{"0":0,"1":0,"2":0,"3":0,"4":0,"5":0,"6":0,"7":0,"8":0,"9":0},"b":{"0":[0,0],"1":[0,0],"2":[0,0],"3":[0,0],"4":[0,0],"5":[0,0],"6":[0,0],"7":[0,0],"8":[0,0],"9":[0,0],"10":[0,0],"11":[0,0],"12":[0,0],"13":[0,0],"14":[0],"15":[0,0],"16":[0,0]}}
,"C:\\Users\\Manager\\Desktop\\AB SCRIPT INJECTION\\src\\app\\scripts\\nuevo\\page.tsx": {"path":"C:\\Users\\Manager\\Desktop\\AB SCRIPT INJECTION\\src\\app\\scripts\\nuevo\\page.tsx","statementMap":{"0":{"start":{"line":35,"column":24},"end":{"line":35,"column":null}},"1":{"start":{"line":3,"column":25},"end":{"line":3,"column":null}},"2":{"start":{"line":4,"column":26},"end":{"line":4,"column":null}},"3":{"start":{"line":5,"column":20},"end":{"line":5,"column":null}},"4":{"start":{"line":6,"column":32},"end":{"line":6,"column":null}},"5":{"start":{"line":7,"column":22},"end":{"line":7,"column":null}},"6":{"start":{"line":8,"column":17},"end":{"line":8,"column":null}},"7":{"start":{"line":11,"column":35},"end":{"line":11,"column":null}},"8":{"start":{"line":20,"column":22},"end":{"line":30,"column":1}},"9":{"start":{"line":36,"column":17},"end":{"line":36,"column":null}},"10":{"start":{"line":37,"column":30},"end":{"line":37,"column":null}},"11":{"start":{"line":38,"column":40},"end":{"line":38,"column":null}},"12":{"start":{"line":39,"column":30},"end":{"line":39,"column":null}},"13":{"start":{"line":40,"column":36},"end":{"line":40,"column":null}},"14":{"start":{"line":42,"column":25},"end":{"line":78,"column":null}},"15":{"start":{"line":43,"column":4},"end":{"line":46,"column":null}},"16":{"start":{"line":44,"column":6},"end":{"line":44,"column":null}},"17":{"start":{"line":45,"column":6},"end":{"line":45,"column":null}},"18":{"start":{"line":48,"column":4},"end":{"line":51,"column":null}},"19":{"start":{"line":49,"column":6},"end":{"line":49,"column":null}},"20":{"start":{"line":50,"column":6},"end":{"line":50,"column":null}},"21":{"start":{"line":53,"column":4},"end":{"line":53,"column":null}},"22":{"start":{"line":54,"column":4},"end":{"line":77,"column":null}},"23":{"start":{"line":55,"column":24},"end":{"line":63,"column":null}},"24":{"start":{"line":65,"column":20},"end":{"line":65,"column":null}},"25":{"start":{"line":67,"column":6},"end":{"line":72,"column":null}},"26":{"start":{"line":68,"column":8},"end":{"line":68,"column":null}},"27":{"start":{"line":70,"column":8},"end":{"line":70,"column":null}},"28":{"start":{"line":71,"column":8},"end":{"line":71,"column":null}},"29":{"start":{"line":74,"column":6},"end":{"line":74,"column":null}},"30":{"start":{"line":76,"column":6},"end":{"line":76,"column":null}},"31":{"start":{"line":110,"column":29},"end":{"line":110,"column":null}},"32":{"start":{"line":124,"column":29},"end":{"line":124,"column":null}}},"fnMap":{"0":{"name":"(anonymous_5)","decl":{"start":{"line":11,"column":29},"end":{"line":11,"column":35}},"loc":{"start":{"line":11,"column":35},"end":{"line":11,"column":null}}},"1":{"name":"(anonymous_6)","decl":{"start":{"line":11,"column":35},"end":{"line":11,"column":42}},"loc":{"start":{"line":11,"column":35},"end":{"line":11,"column":null}}},"2":{"name":"PaginaNuevoScript","decl":{"start":{"line":35,"column":24},"end":{"line":35,"column":null}},"loc":{"start":{"line":35,"column":24},"end":{"line":160,"column":null}}},"3":{"name":"(anonymous_10)","decl":{"start":{"line":42,"column":25},"end":{"line":42,"column":null}},"loc":{"start":{"line":42,"column":25},"end":{"line":78,"column":null}}},"4":{"name":"(anonymous_11)","decl":{"start":{"line":110,"column":22},"end":{"line":110,"column":23}},"loc":{"start":{"line":110,"column":29},"end":{"line":110,"column":null}}},"5":{"name":"(anonymous_12)","decl":{"start":{"line":124,"column":22},"end":{"line":124,"column":23}},"loc":{"start":{"line":124,"column":29},"end":{"line":124,"column":null}}}},"branchMap":{"0":{"loc":{"start":{"line":43,"column":4},"end":{"line":46,"column":null}},"type":"if","locations":[{"start":{"line":43,"column":4},"end":{"line":46,"column":null}},{"start":{},"end":{}}]},"1":{"loc":{"start":{"line":48,"column":4},"end":{"line":51,"column":null}},"type":"if","locations":[{"start":{"line":48,"column":4},"end":{"line":51,"column":null}},{"start":{},"end":{}}]},"2":{"loc":{"start":{"line":60,"column":23},"end":{"line":60,"column":null}},"type":"binary-expr","locations":[{"start":{"line":60,"column":23},"end":{"line":60,"column":45}},{"start":{"line":60,"column":45},"end":{"line":60,"column":null}}]},"3":{"loc":{"start":{"line":67,"column":6},"end":{"line":72,"column":null}},"type":"if","locations":[{"start":{"line":67,"column":6},"end":{"line":72,"column":null}},{"start":{"line":69,"column":13},"end":{"line":72,"column":null}}]},"4":{"loc":{"start":{"line":151,"column":13},"end":{"line":151,"column":null}},"type":"cond-expr","locations":[{"start":{"line":151,"column":25},"end":{"line":151,"column":42}},{"start":{"line":151,"column":42},"end":{"line":151,"column":null}}]}},"s":{"0":0,"1":0,"2":0,"3":0,"4":0,"5":0,"6":0,"7":0,"8":0,"9":0,"10":0,"11":0,"12":0,"13":0,"14":0,"15":0,"16":0,"17":0,"18":0,"19":0,"20":0,"21":0,"22":0,"23":0,"24":0,"25":0,"26":0,"27":0,"28":0,"29":0,"30":0,"31":0,"32":0},"f":{"0":0,"1":0,"2":0,"3":0,"4":0,"5":0},"b":{"0":[0,0],"1":[0,0],"2":[0,0],"3":[0,0],"4":[0,0]}}
,"C:\\Users\\Manager\\Desktop\\AB SCRIPT INJECTION\\src\\componentes\\EditorCodigo.tsx": {"path":"C:\\Users\\Manager\\Desktop\\AB SCRIPT INJECTION\\src\\componentes\\EditorCodigo.tsx","statementMap":{"0":{"start":{"line":17,"column":24},"end":{"line":17,"column":37}},"1":{"start":{"line":3,"column":25},"end":{"line":3,"column":null}},"2":{"start":{"line":4,"column":19},"end":{"line":4,"column":null}},"3":{"start":{"line":23,"column":34},"end":{"line":23,"column":null}},"4":{"start":{"line":25,"column":30},"end":{"line":29,"column":null}},"5":{"start":{"line":26,"column":4},"end":{"line":28,"column":null}},"6":{"start":{"line":27,"column":6},"end":{"line":27,"column":null}},"7":{"start":{"line":31,"column":25},"end":{"line":33,"column":null}},"8":{"start":{"line":32,"column":4},"end":{"line":32,"column":null}}},"fnMap":{"0":{"name":"EditorCodigo","decl":{"start":{"line":17,"column":24},"end":{"line":17,"column":37}},"loc":{"start":{"line":22,"column":20},"end":{"line":74,"column":null}}},"1":{"name":"(anonymous_3)","decl":{"start":{"line":25,"column":30},"end":{"line":25,"column":31}},"loc":{"start":{"line":25,"column":31},"end":{"line":29,"column":null}}},"2":{"name":"(anonymous_4)","decl":{"start":{"line":31,"column":25},"end":{"line":31,"column":null}},"loc":{"start":{"line":31,"column":25},"end":{"line":33,"column":null}}}},"branchMap":{"0":{"loc":{"start":{"line":18,"column":2},"end":{"line":18,"column":57}},"type":"default-arg","locations":[{"start":{"line":18,"column":17},"end":{"line":18,"column":57}}]},"1":{"loc":{"start":{"line":20,"column":2},"end":{"line":20,"column":21}},"type":"default-arg","locations":[{"start":{"line":20,"column":16},"end":{"line":20,"column":21}}]},"2":{"loc":{"start":{"line":21,"column":2},"end":{"line":21,"column":18}},"type":"default-arg","locations":[{"start":{"line":21,"column":11},"end":{"line":21,"column":18}}]},"3":{"loc":{"start":{"line":26,"column":4},"end":{"line":28,"column":null}},"type":"if","locations":[{"start":{"line":26,"column":4},"end":{"line":28,"column":null}},{"start":{},"end":{}}]},"4":{"loc":{"start":{"line":26,"column":8},"end":{"line":26,"column":42}},"type":"binary-expr","locations":[{"start":{"line":26,"column":8},"end":{"line":26,"column":31}},{"start":{"line":26,"column":31},"end":{"line":26,"column":42}}]},"5":{"loc":{"start":{"line":37,"column":7},"end":{"line":37,"column":null}},"type":"binary-expr","locations":[{"start":{"line":37,"column":7},"end":{"line":37,"column":null}}]}},"s":{"0":0,"1":0,"2":0,"3":0,"4":0,"5":0,"6":0,"7":0,"8":0},"f":{"0":0,"1":0,"2":0},"b":{"0":[0],"1":[0],"2":[0],"3":[0,0],"4":[0,0],"5":[0]}}
,"C:\\Users\\Manager\\Desktop\\AB SCRIPT INJECTION\\src\\componentes\\PanelPublicacion.tsx": {"path":"C:\\Users\\Manager\\Desktop\\AB SCRIPT INJECTION\\src\\componentes\\PanelPublicacion.tsx","statementMap":{"0":{"start":{"line":16,"column":24},"end":{"line":16,"column":41}},"1":{"start":{"line":3,"column":25},"end":{"line":3,"column":null}},"2":{"start":{"line":4,"column":80},"end":{"line":4,"column":null}},"3":{"start":{"line":5,"column":47},"end":{"line":5,"column":null}},"4":{"start":{"line":6,"column":22},"end":{"line":6,"column":null}},"5":{"start":{"line":17,"column":38},"end":{"line":17,"column":null}},"6":{"start":{"line":18,"column":38},"end":{"line":18,"column":null}},"7":{"start":{"line":20,"column":21},"end":{"line":20,"column":null}},"8":{"start":{"line":21,"column":20},"end":{"line":21,"column":null}},"9":{"start":{"line":23,"column":27},"end":{"line":30,"column":null}},"10":{"start":{"line":24,"column":18},"end":{"line":24,"column":null}},"11":{"start":{"line":25,"column":4},"end":{"line":29,"column":null}},"12":{"start":{"line":26,"column":6},"end":{"line":26,"column":null}},"13":{"start":{"line":27,"column":6},"end":{"line":27,"column":null}},"14":{"start":{"line":28,"column":6},"end":{"line":28,"column":null}},"15":{"start":{"line":28,"column":23},"end":{"line":28,"column":45}},"16":{"start":{"line":32,"column":27},"end":{"line":39,"column":null}},"17":{"start":{"line":33,"column":18},"end":{"line":33,"column":null}},"18":{"start":{"line":34,"column":4},"end":{"line":38,"column":null}},"19":{"start":{"line":35,"column":6},"end":{"line":35,"column":null}},"20":{"start":{"line":36,"column":6},"end":{"line":36,"column":null}},"21":{"start":{"line":37,"column":6},"end":{"line":37,"column":null}},"22":{"start":{"line":37,"column":23},"end":{"line":37,"column":45}}},"fnMap":{"0":{"name":"PanelPublicacion","decl":{"start":{"line":16,"column":24},"end":{"line":16,"column":41}},"loc":{"start":{"line":16,"column":77},"end":{"line":120,"column":null}}},"1":{"name":"(anonymous_2)","decl":{"start":{"line":23,"column":27},"end":{"line":23,"column":null}},"loc":{"start":{"line":23,"column":27},"end":{"line":30,"column":null}}},"2":{"name":"(anonymous_3)","decl":{"start":{"line":28,"column":17},"end":{"line":28,"column":23}},"loc":{"start":{"line":28,"column":23},"end":{"line":28,"column":45}}},"3":{"name":"(anonymous_4)","decl":{"start":{"line":32,"column":27},"end":{"line":32,"column":null}},"loc":{"start":{"line":32,"column":27},"end":{"line":39,"column":null}}},"4":{"name":"(anonymous_5)","decl":{"start":{"line":37,"column":17},"end":{"line":37,"column":23}},"loc":{"start":{"line":37,"column":23},"end":{"line":37,"column":45}}}},"branchMap":{"0":{"loc":{"start":{"line":25,"column":4},"end":{"line":29,"column":null}},"type":"if","locations":[{"start":{"line":25,"column":4},"end":{"line":29,"column":null}},{"start":{},"end":{}}]},"1":{"loc":{"start":{"line":34,"column":4},"end":{"line":38,"column":null}},"type":"if","locations":[{"start":{"line":34,"column":4},"end":{"line":38,"column":null}},{"start":{},"end":{}}]},"2":{"loc":{"start":{"line":71,"column":14},"end":{"line":73,"column":15}},"type":"cond-expr","locations":[{"start":{"line":71,"column":14},"end":{"line":73,"column":15}}]},"3":{"loc":{"start":{"line":106,"column":14},"end":{"line":108,"column":15}},"type":"cond-expr","locations":[{"start":{"line":106,"column":14},"end":{"line":108,"column":15}}]}},"s":{"0":0,"1":0,"2":0,"3":0,"4":0,"5":0,"6":0,"7":0,"8":0,"9":0,"10":0,"11":0,"12":0,"13":0,"14":0,"15":0,"16":0,"17":0,"18":0,"19":0,"20":0,"21":0,"22":0},"f":{"0":0,"1":0,"2":0,"3":0,"4":0},"b":{"0":[0,0],"1":[0,0],"2":[0],"3":[0]}}
,"C:\\Users\\Manager\\Desktop\\AB SCRIPT INJECTION\\src\\componentes\\TarjetaScript.tsx": {"path":"C:\\Users\\Manager\\Desktop\\AB SCRIPT INJECTION\\src\\componentes\\TarjetaScript.tsx","statementMap":{"0":{"start":{"line":22,"column":24},"end":{"line":22,"column":38}},"1":{"start":{"line":3,"column":25},"end":{"line":3,"column":null}},"2":{"start":{"line":4,"column":17},"end":{"line":4,"column":null}},"3":{"start":{"line":5,"column":87},"end":{"line":5,"column":null}},"4":{"start":{"line":6,"column":56},"end":{"line":6,"column":null}},"5":{"start":{"line":7,"column":22},"end":{"line":7,"column":null}},"6":{"start":{"line":31,"column":32},"end":{"line":31,"column":null}},"7":{"start":{"line":32,"column":38},"end":{"line":32,"column":null}},"8":{"start":{"line":34,"column":21},"end":{"line":34,"column":null}},"9":{"start":{"line":36,"column":24},"end":{"line":47,"column":null}},"10":{"start":{"line":37,"column":4},"end":{"line":37,"column":null}},"11":{"start":{"line":37,"column":21},"end":{"line":37,"column":null}},"12":{"start":{"line":39,"column":18},"end":{"line":39,"column":null}},"13":{"start":{"line":40,"column":4},"end":{"line":46,"column":null}},"14":{"start":{"line":41,"column":6},"end":{"line":41,"column":null}},"15":{"start":{"line":42,"column":6},"end":{"line":42,"column":null}},"16":{"start":{"line":43,"column":6},"end":{"line":43,"column":null}},"17":{"start":{"line":43,"column":23},"end":{"line":43,"column":42}},"18":{"start":{"line":45,"column":6},"end":{"line":45,"column":null}},"19":{"start":{"line":49,"column":26},"end":{"line":66,"column":null}},"20":{"start":{"line":50,"column":4},"end":{"line":50,"column":null}},"21":{"start":{"line":50,"column":72},"end":{"line":50,"column":null}},"22":{"start":{"line":52,"column":4},"end":{"line":52,"column":null}},"23":{"start":{"line":53,"column":4},"end":{"line":65,"column":null}},"24":{"start":{"line":54,"column":24},"end":{"line":54,"column":null}},"25":{"start":{"line":55,"column":6},"end":{"line":60,"column":null}},"26":{"start":{"line":56,"column":8},"end":{"line":56,"column":null}},"27":{"start":{"line":57,"column":8},"end":{"line":57,"column":null}},"28":{"start":{"line":59,"column":8},"end":{"line":59,"column":null}},"29":{"start":{"line":62,"column":6},"end":{"line":62,"column":null}},"30":{"start":{"line":64,"column":6},"end":{"line":64,"column":null}}},"fnMap":{"0":{"name":"TarjetaScript","decl":{"start":{"line":22,"column":24},"end":{"line":22,"column":38}},"loc":{"start":{"line":30,"column":21},"end":{"line":141,"column":null}}},"1":{"name":"(anonymous_3)","decl":{"start":{"line":36,"column":24},"end":{"line":36,"column":null}},"loc":{"start":{"line":36,"column":24},"end":{"line":47,"column":null}}},"2":{"name":"(anonymous_4)","decl":{"start":{"line":43,"column":17},"end":{"line":43,"column":23}},"loc":{"start":{"line":43,"column":23},"end":{"line":43,"column":42}}},"3":{"name":"(anonymous_5)","decl":{"start":{"line":49,"column":26},"end":{"line":49,"column":null}},"loc":{"start":{"line":49,"column":26},"end":{"line":66,"column":null}}}},"branchMap":{"0":{"loc":{"start":{"line":34,"column":21},"end":{"line":34,"column":null}},"type":"cond-expr","locations":[{"start":{"line":34,"column":33},"end":{"line":34,"column":70}},{"start":{"line":34,"column":70},"end":{"line":34,"column":null}}]},"1":{"loc":{"start":{"line":37,"column":4},"end":{"line":37,"column":null}},"type":"if","locations":[{"start":{"line":37,"column":4},"end":{"line":37,"column":null}},{"start":{},"end":{}}]},"2":{"loc":{"start":{"line":40,"column":4},"end":{"line":46,"column":null}},"type":"if","locations":[{"start":{"line":40,"column":4},"end":{"line":46,"column":null}},{"start":{"line":44,"column":11},"end":{"line":46,"column":null}}]},"3":{"loc":{"start":{"line":50,"column":4},"end":{"line":50,"column":null}},"type":"if","locations":[{"start":{"line":50,"column":4},"end":{"line":50,"column":null}},{"start":{},"end":{}}]},"4":{"loc":{"start":{"line":55,"column":6},"end":{"line":60,"column":null}},"type":"if","locations":[{"start":{"line":55,"column":6},"end":{"line":60,"column":null}},{"start":{"line":58,"column":13},"end":{"line":60,"column":null}}]},"5":{"loc":{"start":{"line":74,"column":29},"end":{"line":74,"column":null}},"type":"cond-expr","locations":[{"start":{"line":74,"column":54},"end":{"line":74,"column":74}},{"start":{"line":74,"column":74},"end":{"line":74,"column":null}}]},"6":{"loc":{"start":{"line":75,"column":15},"end":{"line":75,"column":null}},"type":"cond-expr","locations":[{"start":{"line":75,"column":40},"end":{"line":75,"column":54}},{"start":{"line":75,"column":54},"end":{"line":75,"column":null}}]},"7":{"loc":{"start":{"line":78,"column":11},"end":{"line":78,"column":null}},"type":"binary-expr","locations":[{"start":{"line":78,"column":11},"end":{"line":78,"column":null}}]},"8":{"loc":{"start":{"line":88,"column":7},"end":{"line":88,"column":33}},"type":"binary-expr","locations":[{"start":{"line":88,"column":7},"end":{"line":88,"column":33}},{"start":{"line":88,"column":33},"end":{"line":88,"column":null}}]},"9":{"loc":{"start":{"line":100,"column":16},"end":{"line":102,"column":17}},"type":"cond-expr","locations":[{"start":{"line":100,"column":16},"end":{"line":102,"column":17}}]},"10":{"loc":{"start":{"line":118,"column":9},"end":{"line":118,"column":null}},"type":"binary-expr","locations":[{"start":{"line":118,"column":9},"end":{"line":118,"column":null}}]},"11":{"loc":{"start":{"line":136,"column":11},"end":{"line":136,"column":null}},"type":"cond-expr","locations":[{"start":{"line":136,"column":24},"end":{"line":136,"column":42}},{"start":{"line":136,"column":42},"end":{"line":136,"column":null}}]}},"s":{"0":0,"1":0,"2":0,"3":0,"4":0,"5":0,"6":0,"7":0,"8":0,"9":0,"10":0,"11":0,"12":0,"13":0,"14":0,"15":0,"16":0,"17":0,"18":0,"19":0,"20":0,"21":0,"22":0,"23":0,"24":0,"25":0,"26":0,"27":0,"28":0,"29":0,"30":0},"f":{"0":0,"1":0,"2":0,"3":0},"b":{"0":[0,0],"1":[0,0],"2":[0,0],"3":[0,0],"4":[0,0],"5":[0,0],"6":[0,0],"7":[0],"8":[0,0],"9":[0],"10":[0],"11":[0,0]}}
,"C:\\Users\\Manager\\Desktop\\AB SCRIPT INJECTION\\src\\lib\\servicioScripts.ts": {"path":"C:\\Users\\Manager\\Desktop\\AB SCRIPT INJECTION\\src\\lib\\servicioScripts.ts","statementMap":{"0":{"start":{"line":10,"column":13},"end":{"line":10,"column":31}},"1":{"start":{"line":1,"column":25},"end":{"line":1,"column":null}},"2":{"start":{"line":3,"column":33},"end":{"line":3,"column":null}},"3":{"start":{"line":10,"column":31},"end":{"line":176,"column":null}},"4":{"start":{"line":15,"column":4},"end":{"line":27,"column":null}},"5":{"start":{"line":16,"column":30},"end":{"line":19,"column":null}},"6":{"start":{"line":21,"column":6},"end":{"line":21,"column":null}},"7":{"start":{"line":21,"column":17},"end":{"line":21,"column":null}},"8":{"start":{"line":23,"column":6},"end":{"line":23,"column":null}},"9":{"start":{"line":25,"column":6},"end":{"line":25,"column":null}},"10":{"start":{"line":26,"column":6},"end":{"line":26,"column":null}},"11":{"start":{"line":34,"column":4},"end":{"line":46,"column":null}},"12":{"start":{"line":35,"column":30},"end":{"line":39,"column":null}},"13":{"start":{"line":41,"column":6},"end":{"line":41,"column":null}},"14":{"start":{"line":41,"column":17},"end":{"line":41,"column":null}},"15":{"start":{"line":42,"column":6},"end":{"line":42,"column":null}},"16":{"start":{"line":44,"column":6},"end":{"line":44,"column":null}},"17":{"start":{"line":45,"column":6},"end":{"line":45,"column":null}},"18":{"start":{"line":54,"column":4},"end":{"line":67,"column":null}},"19":{"start":{"line":55,"column":30},"end":{"line":60,"column":null}},"20":{"start":{"line":62,"column":6},"end":{"line":62,"column":null}},"21":{"start":{"line":62,"column":17},"end":{"line":62,"column":null}},"22":{"start":{"line":63,"column":6},"end":{"line":63,"column":null}},"23":{"start":{"line":65,"column":6},"end":{"line":65,"column":null}},"24":{"start":{"line":66,"column":6},"end":{"line":66,"column":null}},"25":{"start":{"line":74,"column":4},"end":{"line":89,"column":null}},"26":{"start":{"line":75,"column":30},"end":{"line":82,"column":null}},"27":{"start":{"line":84,"column":6},"end":{"line":84,"column":null}},"28":{"start":{"line":84,"column":17},"end":{"line":84,"column":null}},"29":{"start":{"line":85,"column":6},"end":{"line":85,"column":null}},"30":{"start":{"line":87,"column":6},"end":{"line":87,"column":null}},"31":{"start":{"line":88,"column":6},"end":{"line":88,"column":null}},"32":{"start":{"line":96,"column":4},"end":{"line":112,"column":null}},"33":{"start":{"line":97,"column":30},"end":{"line":105,"column":null}},"34":{"start":{"line":107,"column":6},"end":{"line":107,"column":null}},"35":{"start":{"line":107,"column":17},"end":{"line":107,"column":null}},"36":{"start":{"line":108,"column":6},"end":{"line":108,"column":null}},"37":{"start":{"line":110,"column":6},"end":{"line":110,"column":null}},"38":{"start":{"line":111,"column":6},"end":{"line":111,"column":null}},"39":{"start":{"line":119,"column":4},"end":{"line":119,"column":null}},"40":{"start":{"line":126,"column":4},"end":{"line":149,"column":null}},"41":{"start":{"line":128,"column":35},"end":{"line":128,"column":null}},"42":{"start":{"line":130,"column":24},"end":{"line":130,"column":null}},"43":{"start":{"line":132,"column":30},"end":{"line":142,"column":null}},"44":{"start":{"line":144,"column":6},"end":{"line":144,"column":null}},"45":{"start":{"line":144,"column":17},"end":{"line":144,"column":null}},"46":{"start":{"line":145,"column":6},"end":{"line":145,"column":null}},"47":{"start":{"line":147,"column":6},"end":{"line":147,"column":null}},"48":{"start":{"line":148,"column":6},"end":{"line":148,"column":null}},"49":{"start":{"line":156,"column":4},"end":{"line":156,"column":null}},"50":{"start":{"line":163,"column":4},"end":{"line":174,"column":null}},"51":{"start":{"line":164,"column":24},"end":{"line":167,"column":null}},"52":{"start":{"line":169,"column":6},"end":{"line":169,"column":null}},"53":{"start":{"line":169,"column":17},"end":{"line":169,"column":null}},"54":{"start":{"line":170,"column":6},"end":{"line":170,"column":null}},"55":{"start":{"line":172,"column":6},"end":{"line":172,"column":null}},"56":{"start":{"line":173,"column":6},"end":{"line":173,"column":null}}},"fnMap":{"0":{"name":"(anonymous_1)","decl":{"start":{"line":14,"column":2},"end":{"line":14,"column":8}},"loc":{"start":{"line":14,"column":8},"end":{"line":28,"column":null}}},"1":{"name":"(anonymous_2)","decl":{"start":{"line":33,"column":2},"end":{"line":33,"column":8}},"loc":{"start":{"line":33,"column":31},"end":{"line":47,"column":null}}},"2":{"name":"(anonymous_3)","decl":{"start":{"line":53,"column":2},"end":{"line":53,"column":8}},"loc":{"start":{"line":53,"column":45},"end":{"line":68,"column":null}}},"3":{"name":"(anonymous_4)","decl":{"start":{"line":73,"column":2},"end":{"line":73,"column":8}},"loc":{"start":{"line":73,"column":36},"end":{"line":90,"column":null}}},"4":{"name":"(anonymous_5)","decl":{"start":{"line":95,"column":2},"end":{"line":95,"column":8}},"loc":{"start":{"line":95,"column":64},"end":{"line":113,"column":null}}},"5":{"name":"(anonymous_6)","decl":{"start":{"line":118,"column":2},"end":{"line":118,"column":8}},"loc":{"start":{"line":118,"column":50},"end":{"line":120,"column":null}}},"6":{"name":"(anonymous_7)","decl":{"start":{"line":125,"column":2},"end":{"line":125,"column":8}},"loc":{"start":{"line":125,"column":27},"end":{"line":150,"column":null}}},"7":{"name":"(anonymous_8)","decl":{"start":{"line":155,"column":2},"end":{"line":155,"column":8}},"loc":{"start":{"line":155,"column":30},"end":{"line":157,"column":null}}},"8":{"name":"(anonymous_9)","decl":{"start":{"line":162,"column":2},"end":{"line":162,"column":8}},"loc":{"start":{"line":162,"column":27},"end":{"line":175,"column":null}}}},"branchMap":{"0":{"loc":{"start":{"line":21,"column":6},"end":{"line":21,"column":null}},"type":"if","locations":[{"start":{"line":21,"column":6},"end":{"line":21,"column":null}},{"start":{},"end":{}}]},"1":{"loc":{"start":{"line":23,"column":22},"end":{"line":23,"column":32}},"type":"binary-expr","locations":[{"start":{"line":23,"column":22},"end":{"line":23,"column":30}},{"start":{"line":23,"column":30},"end":{"line":23,"column":32}}]},"2":{"loc":{"start":{"line":41,"column":6},"end":{"line":41,"column":null}},"type":"if","locations":[{"start":{"line":41,"column":6},"end":{"line":41,"column":null}},{"start":{},"end":{}}]},"3":{"loc":{"start":{"line":62,"column":6},"end":{"line":62,"column":null}},"type":"if","locations":[{"start":{"line":62,"column":6},"end":{"line":62,"column":null}},{"start":{},"end":{}}]},"4":{"loc":{"start":{"line":84,"column":6},"end":{"line":84,"column":null}},"type":"if","locations":[{"start":{"line":84,"column":6},"end":{"line":84,"column":null}},{"start":{},"end":{}}]},"5":{"loc":{"start":{"line":107,"column":6},"end":{"line":107,"column":null}},"type":"if","locations":[{"start":{"line":107,"column":6},"end":{"line":107,"column":null}},{"start":{},"end":{}}]},"6":{"loc":{"start":{"line":130,"column":24},"end":{"line":130,"column":null}},"type":"binary-expr","locations":[{"start":{"line":130,"column":24},"end":{"line":130,"column":49}},{"start":{"line":130,"column":49},"end":{"line":130,"column":null}}]},"7":{"loc":{"start":{"line":144,"column":6},"end":{"line":144,"column":null}},"type":"if","locations":[{"start":{"line":144,"column":6},"end":{"line":144,"column":null}},{"start":{},"end":{}}]},"8":{"loc":{"start":{"line":169,"column":6},"end":{"line":169,"column":null}},"type":"if","locations":[{"start":{"line":169,"column":6},"end":{"line":169,"column":null}},{"start":{},"end":{}}]}},"s":{"0":12,"1":1,"2":1,"3":1,"4":3,"5":3,"6":3,"7":1,"8":2,"9":1,"10":1,"11":2,"12":2,"13":2,"14":1,"15":1,"16":1,"17":1,"18":2,"19":2,"20":2,"21":1,"22":1,"23":1,"24":1,"25":2,"26":2,"27":2,"28":1,"29":1,"30":1,"31":1,"32":1,"33":1,"34":1,"35":0,"36":1,"37":0,"38":0,"39":0,"40":0,"41":0,"42":0,"43":0,"44":0,"45":0,"46":0,"47":0,"48":0,"49":0,"50":2,"51":2,"52":2,"53":1,"54":1,"55":1,"56":1},"f":{"0":3,"1":2,"2":2,"3":2,"4":1,"5":0,"6":0,"7":0,"8":2},"b":{"0":[1,2],"1":[2,0],"2":[1,1],"3":[1,1],"4":[1,1],"5":[0,1],"6":[0,0],"7":[0,0],"8":[1,1]}}
,"C:\\Users\\Manager\\Desktop\\AB SCRIPT INJECTION\\src\\lib\\supabase.ts": {"path":"C:\\Users\\Manager\\Desktop\\AB SCRIPT INJECTION\\src\\lib\\supabase.ts","statementMap":{"0":{"start":{"line":27,"column":16},"end":{"line":27,"column":44}},"1":{"start":{"line":18,"column":13},"end":{"line":18,"column":21}},"2":{"start":{"line":1,"column":29},"end":{"line":1,"column":null}},"3":{"start":{"line":9,"column":20},"end":{"line":9,"column":56}},"4":{"start":{"line":10,"column":24},"end":{"line":10,"column":65}},"5":{"start":{"line":12,"column":0},"end":{"line":16,"column":null}},"6":{"start":{"line":13,"column":2},"end":{"line":14,"column":null}},"7":{"start":{"line":18,"column":24},"end":{"line":22,"column":null}},"8":{"start":{"line":28,"column":2},"end":{"line":32,"column":null}}},"fnMap":{"0":{"name":"crearClienteSupabaseServidor","decl":{"start":{"line":27,"column":16},"end":{"line":27,"column":44}},"loc":{"start":{"line":27,"column":16},"end":{"line":33,"column":null}}}},"branchMap":{"0":{"loc":{"start":{"line":12,"column":0},"end":{"line":16,"column":null}},"type":"if","locations":[{"start":{"line":12,"column":0},"end":{"line":16,"column":null}},{"start":{},"end":{}}]},"1":{"loc":{"start":{"line":12,"column":4},"end":{"line":12,"column":38}},"type":"binary-expr","locations":[{"start":{"line":12,"column":4},"end":{"line":12,"column":20}},{"start":{"line":12,"column":20},"end":{"line":12,"column":38}}]}},"s":{"0":0,"1":0,"2":0,"3":0,"4":0,"5":0,"6":0,"7":0,"8":0},"f":{"0":0},"b":{"0":[0,0],"1":[0,0]}}
,"C:\\Users\\Manager\\Desktop\\AB SCRIPT INJECTION\\src\\lib\\utilidades.ts": {"path":"C:\\Users\\Manager\\Desktop\\AB SCRIPT INJECTION\\src\\lib\\utilidades.ts","statementMap":{"0":{"start":{"line":113,"column":22},"end":{"line":113,"column":42}},"1":{"start":{"line":91,"column":16},"end":{"line":91,"column":30}},"2":{"start":{"line":15,"column":16},"end":{"line":15,"column":30}},"3":{"start":{"line":29,"column":16},"end":{"line":29,"column":39}},"4":{"start":{"line":10,"column":13},"end":{"line":10,"column":29}},"5":{"start":{"line":67,"column":16},"end":{"line":67,"column":32}},"6":{"start":{"line":59,"column":16},"end":{"line":59,"column":39}},"7":{"start":{"line":105,"column":16},"end":{"line":105,"column":23}},"8":{"start":{"line":75,"column":16},"end":{"line":75,"column":33}},"9":{"start":{"line":1,"column":31},"end":{"line":1,"column":null}},"10":{"start":{"line":9,"column":17},"end":{"line":9,"column":null}},"11":{"start":{"line":10,"column":32},"end":{"line":10,"column":null}},"12":{"start":{"line":16,"column":16},"end":{"line":16,"column":null}},"13":{"start":{"line":17,"column":2},"end":{"line":23,"column":null}},"14":{"start":{"line":30,"column":16},"end":{"line":30,"column":null}},"15":{"start":{"line":31,"column":16},"end":{"line":31,"column":null}},"16":{"start":{"line":32,"column":25},"end":{"line":32,"column":null}},"17":{"start":{"line":34,"column":2},"end":{"line":36,"column":null}},"18":{"start":{"line":35,"column":4},"end":{"line":35,"column":null}},"19":{"start":{"line":38,"column":24},"end":{"line":38,"column":null}},"20":{"start":{"line":39,"column":2},"end":{"line":41,"column":null}},"21":{"start":{"line":40,"column":4},"end":{"line":40,"column":null}},"22":{"start":{"line":43,"column":22},"end":{"line":43,"column":null}},"23":{"start":{"line":44,"column":2},"end":{"line":46,"column":null}},"24":{"start":{"line":45,"column":4},"end":{"line":45,"column":null}},"25":{"start":{"line":48,"column":21},"end":{"line":48,"column":null}},"26":{"start":{"line":49,"column":2},"end":{"line":51,"column":null}},"27":{"start":{"line":50,"column":4},"end":{"line":50,"column":null}},"28":{"start":{"line":53,"column":2},"end":{"line":53,"column":null}},"29":{"start":{"line":60,"column":18},"end":{"line":60,"column":null}},"30":{"start":{"line":61,"column":2},"end":{"line":61,"column":null}},"31":{"start":{"line":68,"column":14},"end":{"line":68,"column":null}},"32":{"start":{"line":69,"column":2},"end":{"line":69,"column":null}},"33":{"start":{"line":76,"column":2},"end":{"line":85,"column":null}},"34":{"start":{"line":78,"column":4},"end":{"line":78,"column":null}},"35":{"start":{"line":79,"column":4},"end":{"line":79,"column":null}},"36":{"start":{"line":81,"column":4},"end":{"line":83,"column":null}},"37":{"start":{"line":82,"column":6},"end":{"line":82,"column":null}},"38":{"start":{"line":84,"column":4},"end":{"line":84,"column":null}},"39":{"start":{"line":92,"column":2},"end":{"line":99,"column":null}},"40":{"start":{"line":95,"column":34},"end":{"line":95,"column":50}},"41":{"start":{"line":106,"column":2},"end":{"line":106,"column":null}},"42":{"start":{"line":106,"column":38},"end":{"line":106,"column":null}},"43":{"start":{"line":107,"column":2},"end":{"line":107,"column":null}},"44":{"start":{"line":114,"column":2},"end":{"line":128,"column":null}},"45":{"start":{"line":115,"column":4},"end":{"line":115,"column":null}},"46":{"start":{"line":116,"column":4},"end":{"line":116,"column":null}},"47":{"start":{"line":119,"column":21},"end":{"line":119,"column":null}},"48":{"start":{"line":120,"column":4},"end":{"line":120,"column":null}},"49":{"start":{"line":121,"column":4},"end":{"line":121,"column":null}},"50":{"start":{"line":122,"column":4},"end":{"line":122,"column":null}},"51":{"start":{"line":123,"column":4},"end":{"line":123,"column":null}},"52":{"start":{"line":124,"column":4},"end":{"line":124,"column":null}},"53":{"start":{"line":125,"column":18},"end":{"line":125,"column":null}},"54":{"start":{"line":126,"column":4},"end":{"line":126,"column":null}},"55":{"start":{"line":127,"column":4},"end":{"line":127,"column":null}}},"fnMap":{"0":{"name":"formatearFecha","decl":{"start":{"line":15,"column":16},"end":{"line":15,"column":30}},"loc":{"start":{"line":15,"column":50},"end":{"line":24,"column":null}}},"1":{"name":"formatearTiempoRelativo","decl":{"start":{"line":29,"column":16},"end":{"line":29,"column":39}},"loc":{"start":{"line":29,"column":59},"end":{"line":54,"column":null}}},"2":{"name":"obtenerUrlScriptPublico","decl":{"start":{"line":59,"column":16},"end":{"line":59,"column":39}},"loc":{"start":{"line":59,"column":57},"end":{"line":62,"column":null}}},"3":{"name":"obtenerScriptTag","decl":{"start":{"line":67,"column":16},"end":{"line":67,"column":32}},"loc":{"start":{"line":67,"column":50},"end":{"line":70,"column":null}}},"4":{"name":"validarJavaScript","decl":{"start":{"line":75,"column":16},"end":{"line":75,"column":33}},"loc":{"start":{"line":75,"column":48},"end":{"line":86,"column":null}}},"5":{"name":"envolverEnIIFE","decl":{"start":{"line":91,"column":16},"end":{"line":91,"column":30}},"loc":{"start":{"line":91,"column":45},"end":{"line":100,"column":null}}},"6":{"name":"(anonymous_16)","decl":{"start":{"line":95,"column":25},"end":{"line":95,"column":34}},"loc":{"start":{"line":95,"column":34},"end":{"line":95,"column":50}}},"7":{"name":"truncar","decl":{"start":{"line":105,"column":16},"end":{"line":105,"column":23}},"loc":{"start":{"line":105,"column":61},"end":{"line":108,"column":null}}},"8":{"name":"copiarAlPortapapeles","decl":{"start":{"line":113,"column":22},"end":{"line":113,"column":42}},"loc":{"start":{"line":113,"column":56},"end":{"line":129,"column":null}}}},"branchMap":{"0":{"loc":{"start":{"line":34,"column":2},"end":{"line":36,"column":null}},"type":"if","locations":[{"start":{"line":34,"column":2},"end":{"line":36,"column":null}},{"start":{},"end":{}}]},"1":{"loc":{"start":{"line":39,"column":2},"end":{"line":41,"column":null}},"type":"if","locations":[{"start":{"line":39,"column":2},"end":{"line":41,"column":null}},{"start":{},"end":{}}]},"2":{"loc":{"start":{"line":40,"column":42},"end":{"line":40,"column":71}},"type":"cond-expr","locations":[{"start":{"line":40,"column":62},"end":{"line":40,"column":68}},{"start":{"line":40,"column":68},"end":{"line":40,"column":71}}]},"3":{"loc":{"start":{"line":44,"column":2},"end":{"line":46,"column":null}},"type":"if","locations":[{"start":{"line":44,"column":2},"end":{"line":46,"column":null}},{"start":{},"end":{}}]},"4":{"loc":{"start":{"line":45,"column":38},"end":{"line":45,"column":65}},"type":"cond-expr","locations":[{"start":{"line":45,"column":56},"end":{"line":45,"column":62}},{"start":{"line":45,"column":62},"end":{"line":45,"column":65}}]},"5":{"loc":{"start":{"line":49,"column":2},"end":{"line":51,"column":null}},"type":"if","locations":[{"start":{"line":49,"column":2},"end":{"line":51,"column":null}},{"start":{},"end":{}}]},"6":{"loc":{"start":{"line":50,"column":36},"end":{"line":50,"column":62}},"type":"cond-expr","locations":[{"start":{"line":50,"column":53},"end":{"line":50,"column":59}},{"start":{"line":50,"column":59},"end":{"line":50,"column":62}}]},"7":{"loc":{"start":{"line":60,"column":18},"end":{"line":60,"column":null}},"type":"binary-expr","locations":[{"start":{"line":60,"column":18},"end":{"line":60,"column":49}},{"start":{"line":60,"column":53},"end":{"line":60,"column":null}}]},"8":{"loc":{"start":{"line":81,"column":4},"end":{"line":83,"column":null}},"type":"if","locations":[{"start":{"line":81,"column":4},"end":{"line":83,"column":null}},{"start":{},"end":{}}]},"9":{"loc":{"start":{"line":106,"column":2},"end":{"line":106,"column":null}},"type":"if","locations":[{"start":{"line":106,"column":2},"end":{"line":106,"column":null}},{"start":{},"end":{}}]}},"s":{"0":0,"1":6,"2":2,"3":4,"4":2,"5":3,"6":2,"7":0,"8":5,"9":2,"10":2,"11":2,"12":2,"13":2,"14":4,"15":4,"16":4,"17":4,"18":1,"19":3,"20":3,"21":1,"22":2,"23":2,"24":1,"25":1,"26":1,"27":1,"28":0,"29":5,"30":5,"31":3,"32":3,"33":5,"34":5,"35":3,"36":2,"37":2,"38":0,"39":6,"40":7,"41":0,"42":0,"43":0,"44":0,"45":0,"46":0,"47":0,"48":0,"49":0,"50":0,"51":0,"52":0,"53":0,"54":0,"55":0},"f":{"0":2,"1":4,"2":5,"3":3,"4":5,"5":6,"6":7,"7":0,"8":0},"b":{"0":[1,3],"1":[1,2],"2":[1,0],"3":[1,1],"4":[1,0],"5":[1,0],"6":[1,0],"7":[5,5],"8":[2,0],"9":[0,0]}}
}
