TN:
SF:src\app\layout.tsx
FN:14,LayoutPrincipal
FNF:1
FNH:0
FNDA:0,LayoutPrincipal
DA:2,0
DA:3,0
DA:4,0
DA:5,0
DA:7,0
DA:9,0
DA:14,0
LF:7
LH:0
BRF:0
BRH:0
end_of_record
TN:
SF:src\app\page.tsx
FN:4,PaginaInicio
FNF:1
FNH:0
FNDA:0,PaginaInicio
DA:1,0
DA:2,0
DA:4,0
LF:3
LH:0
BRF:0
BRH:0
end_of_record
TN:
SF:src\app\api\scripts\route.ts
FN:8,GET
FN:25,POST
FNF:2
FNH:0
FNDA:0,GET
FNDA:0,POST
DA:1,0
DA:2,0
DA:8,0
DA:9,0
DA:11,0
DA:12,0
DA:18,0
DA:25,0
DA:26,0
DA:27,0
DA:28,0
DA:30,0
DA:31,0
DA:37,0
DA:43,0
DA:44,0
DA:50,0
DA:55,0
LF:18
LH:0
BRDA:11,0,0,0
BRDA:11,0,1,0
BRDA:30,1,0,0
BRDA:30,1,1,0
BRDA:30,2,0,0
BRDA:30,2,1,0
BRDA:39,3,0,0
BRDA:39,3,1,0
BRDA:43,4,0,0
BRDA:43,4,1,0
BRF:10
BRH:0
end_of_record
TN:
SF:src\app\api\scripts\[id]\route.ts
FN:12,GET
FN:31,PUT
FN:64,DELETE
FNF:3
FNH:0
FNDA:0,GET
FNDA:0,PUT
FNDA:0,DELETE
DA:1,0
DA:2,0
DA:12,0
DA:13,0
DA:15,0
DA:17,0
DA:18,0
DA:24,0
DA:31,0
DA:32,0
DA:34,0
DA:35,0
DA:36,0
DA:38,0
DA:44,0
DA:45,0
DA:51,0
DA:53,0
DA:64,0
DA:65,0
DA:67,0
DA:69,0
DA:70,0
DA:76,0
LF:24
LH:0
BRDA:17,0,0,0
BRDA:17,0,1,0
BRDA:44,1,0,0
BRDA:44,1,1,0
BRDA:69,2,0,0
BRDA:69,2,1,0
BRF:6
BRH:0
end_of_record
TN:
SF:src\app\api\scripts\[id]\despublicar\route.ts
FN:12,POST
FNF:1
FNH:0
FNDA:0,POST
DA:1,0
DA:2,0
DA:12,0
DA:13,0
DA:15,0
DA:17,0
DA:18,0
DA:24,0
LF:8
LH:0
BRDA:17,0,0,0
BRDA:17,0,1,0
BRF:2
BRH:0
end_of_record
TN:
SF:src\app\api\scripts\[id]\publicar\route.ts
FN:12,POST
FNF:1
FNH:0
FNDA:0,POST
DA:1,0
DA:2,0
DA:12,0
DA:13,0
DA:15,0
DA:17,0
DA:18,0
DA:24,0
LF:8
LH:0
BRDA:17,0,0,0
BRDA:17,0,1,0
BRF:2
BRH:0
end_of_record
TN:
SF:src\app\p\[id]\route.ts
FN:14,GET
FNF:1
FNH:0
FNDA:0,GET
DA:1,0
DA:2,0
DA:3,0
DA:14,0
DA:16,0
DA:17,0
DA:19,0
DA:21,0
DA:23,0
DA:26,0
DA:38,0
DA:41,0
DA:49,0
LF:13
LH:0
BRDA:21,0,0,0
BRDA:21,0,1,0
BRDA:21,1,0,0
BRDA:21,1,1,0
BRF:4
BRH:0
end_of_record
TN:
SF:src\app\scripts\page.tsx
FN:12,PaginaScripts
FN:17,(anonymous_3)
FN:41,(anonymous_4)
FN:45,(anonymous_5)
FN:46,(anonymous_6)
FN:114,(anonymous_7)
FNF:6
FNH:0
FNDA:0,PaginaScripts
FNDA:0,(anonymous_3)
FNDA:0,(anonymous_4)
FNDA:0,(anonymous_5)
FNDA:0,(anonymous_6)
FNDA:0,(anonymous_7)
DA:3,0
DA:4,0
DA:5,0
DA:6,0
DA:12,0
DA:13,0
DA:14,0
DA:15,0
DA:17,0
DA:18,0
DA:19,0
DA:20,0
DA:21,0
DA:22,0
DA:24,0
DA:26,0
DA:27,0
DA:29,0
DA:32,0
DA:35,0
DA:37,0
DA:41,0
DA:42,0
DA:45,0
DA:46,0
DA:49,0
DA:63,0
DA:115,0
LF:28
LH:0
BRDA:24,0,0,0
BRDA:24,0,1,0
BRDA:26,1,0,0
BRDA:26,1,1,0
BRDA:26,2,0,0
BRDA:26,2,1,0
BRDA:32,3,0,0
BRDA:32,3,1,0
BRDA:49,4,0,0
BRDA:49,4,1,0
BRDA:63,5,0,0
BRDA:63,5,1,0
BRDA:96,6,0,0
BRF:13
BRH:0
end_of_record
TN:
SF:src\app\scripts\[id]\page.tsx
FN:13,(anonymous_5)
FN:13,(anonymous_6)
FN:25,PaginaEditarScript
FN:38,(anonymous_10)
FN:61,(anonymous_11)
FN:67,(anonymous_12)
FN:100,(anonymous_13)
FN:125,(anonymous_14)
FN:201,(anonymous_15)
FN:214,(anonymous_16)
FNF:10
FNH:0
FNDA:0,(anonymous_5)
FNDA:0,(anonymous_6)
FNDA:0,PaginaEditarScript
FNDA:0,(anonymous_10)
FNDA:0,(anonymous_11)
FNDA:0,(anonymous_12)
FNDA:0,(anonymous_13)
FNDA:0,(anonymous_14)
FNDA:0,(anonymous_15)
FNDA:0,(anonymous_16)
DA:3,0
DA:4,0
DA:5,0
DA:6,0
DA:7,0
DA:8,0
DA:9,0
DA:13,0
DA:25,0
DA:26,0
DA:27,0
DA:28,0
DA:30,0
DA:31,0
DA:32,0
DA:33,0
DA:34,0
DA:35,0
DA:36,0
DA:38,0
DA:39,0
DA:40,0
DA:41,0
DA:42,0
DA:44,0
DA:45,0
DA:46,0
DA:48,0
DA:49,0
DA:50,0
DA:51,0
DA:54,0
DA:55,0
DA:57,0
DA:61,0
DA:62,0
DA:63,0
DA:67,0
DA:68,0
DA:69,0
DA:70,0
DA:73,0
DA:74,0
DA:75,0
DA:85,0
DA:87,0
DA:88,0
DA:90,0
DA:91,0
DA:94,0
DA:96,0
DA:100,0
DA:101,0
DA:102,0
DA:104,0
DA:106,0
DA:110,0
DA:112,0
DA:113,0
DA:115,0
DA:116,0
DA:119,0
DA:121,0
DA:125,0
DA:126,0
DA:127,0
DA:131,0
DA:133,0
DA:134,0
DA:136,0
DA:137,0
DA:140,0
DA:144,0
DA:158,0
DA:159,0
DA:162,0
DA:201,0
DA:214,0
LF:78
LH:0
BRDA:44,0,0,0
BRDA:44,0,1,0
BRDA:50,1,0,0
BRDA:50,1,1,0
BRDA:62,2,0,0
BRDA:62,2,1,0
BRDA:68,3,0,0
BRDA:68,3,1,0
BRDA:80,4,0,0
BRDA:80,4,1,0
BRDA:87,5,0,0
BRDA:87,5,1,0
BRDA:112,6,0,0
BRDA:112,6,1,0
BRDA:133,7,0,0
BRDA:133,7,1,0
BRDA:144,8,0,0
BRDA:144,8,1,0
BRDA:158,9,0,0
BRDA:158,9,1,0
BRDA:177,10,0,0
BRDA:177,10,1,0
BRDA:178,11,0,0
BRDA:178,11,1,0
BRDA:184,12,0,0
BRDA:184,12,1,0
BRDA:240,13,0,0
BRDA:240,13,1,0
BRDA:244,14,0,0
BRDA:258,15,0,0
BRDA:258,15,1,0
BRDA:262,16,0,0
BRDA:262,16,1,0
BRF:33
BRH:0
end_of_record
TN:
SF:src\app\scripts\nuevo\page.tsx
FN:11,(anonymous_5)
FN:11,(anonymous_6)
FN:35,PaginaNuevoScript
FN:42,(anonymous_10)
FN:110,(anonymous_11)
FN:124,(anonymous_12)
FNF:6
FNH:0
FNDA:0,(anonymous_5)
FNDA:0,(anonymous_6)
FNDA:0,PaginaNuevoScript
FNDA:0,(anonymous_10)
FNDA:0,(anonymous_11)
FNDA:0,(anonymous_12)
DA:3,0
DA:4,0
DA:5,0
DA:6,0
DA:7,0
DA:8,0
DA:11,0
DA:20,0
DA:35,0
DA:36,0
DA:37,0
DA:38,0
DA:39,0
DA:40,0
DA:42,0
DA:43,0
DA:44,0
DA:45,0
DA:48,0
DA:49,0
DA:50,0
DA:53,0
DA:54,0
DA:55,0
DA:65,0
DA:67,0
DA:68,0
DA:70,0
DA:71,0
DA:74,0
DA:76,0
DA:110,0
DA:124,0
LF:33
LH:0
BRDA:43,0,0,0
BRDA:43,0,1,0
BRDA:48,1,0,0
BRDA:48,1,1,0
BRDA:60,2,0,0
BRDA:60,2,1,0
BRDA:67,3,0,0
BRDA:67,3,1,0
BRDA:151,4,0,0
BRDA:151,4,1,0
BRF:10
BRH:0
end_of_record
TN:
SF:src\componentes\EditorCodigo.tsx
FN:17,EditorCodigo
FN:25,(anonymous_3)
FN:31,(anonymous_4)
FNF:3
FNH:0
FNDA:0,EditorCodigo
FNDA:0,(anonymous_3)
FNDA:0,(anonymous_4)
DA:3,0
DA:4,0
DA:17,0
DA:23,0
DA:25,0
DA:26,0
DA:27,0
DA:31,0
DA:32,0
LF:9
LH:0
BRDA:18,0,0,0
BRDA:20,1,0,0
BRDA:21,2,0,0
BRDA:26,3,0,0
BRDA:26,3,1,0
BRDA:26,4,0,0
BRDA:26,4,1,0
BRDA:37,5,0,0
BRF:8
BRH:0
end_of_record
TN:
SF:src\componentes\PanelPublicacion.tsx
FN:16,PanelPublicacion
FN:23,(anonymous_2)
FN:28,(anonymous_3)
FN:32,(anonymous_4)
FN:37,(anonymous_5)
FNF:5
FNH:0
FNDA:0,PanelPublicacion
FNDA:0,(anonymous_2)
FNDA:0,(anonymous_3)
FNDA:0,(anonymous_4)
FNDA:0,(anonymous_5)
DA:3,0
DA:4,0
DA:5,0
DA:6,0
DA:16,0
DA:17,0
DA:18,0
DA:20,0
DA:21,0
DA:23,0
DA:24,0
DA:25,0
DA:26,0
DA:27,0
DA:28,0
DA:32,0
DA:33,0
DA:34,0
DA:35,0
DA:36,0
DA:37,0
LF:21
LH:0
BRDA:25,0,0,0
BRDA:25,0,1,0
BRDA:34,1,0,0
BRDA:34,1,1,0
BRDA:71,2,0,0
BRDA:106,3,0,0
BRF:6
BRH:0
end_of_record
TN:
SF:src\componentes\TarjetaScript.tsx
FN:22,TarjetaScript
FN:36,(anonymous_3)
FN:43,(anonymous_4)
FN:49,(anonymous_5)
FNF:4
FNH:0
FNDA:0,TarjetaScript
FNDA:0,(anonymous_3)
FNDA:0,(anonymous_4)
FNDA:0,(anonymous_5)
DA:3,0
DA:4,0
DA:5,0
DA:6,0
DA:7,0
DA:22,0
DA:31,0
DA:32,0
DA:34,0
DA:36,0
DA:37,0
DA:39,0
DA:40,0
DA:41,0
DA:42,0
DA:43,0
DA:45,0
DA:49,0
DA:50,0
DA:52,0
DA:53,0
DA:54,0
DA:55,0
DA:56,0
DA:57,0
DA:59,0
DA:62,0
DA:64,0
LF:28
LH:0
BRDA:34,0,0,0
BRDA:34,0,1,0
BRDA:37,1,0,0
BRDA:37,1,1,0
BRDA:40,2,0,0
BRDA:40,2,1,0
BRDA:50,3,0,0
BRDA:50,3,1,0
BRDA:55,4,0,0
BRDA:55,4,1,0
BRDA:74,5,0,0
BRDA:74,5,1,0
BRDA:75,6,0,0
BRDA:75,6,1,0
BRDA:78,7,0,0
BRDA:88,8,0,0
BRDA:88,8,1,0
BRDA:100,9,0,0
BRDA:118,10,0,0
BRDA:136,11,0,0
BRDA:136,11,1,0
BRF:21
BRH:0
end_of_record
TN:
SF:src\lib\servicioScripts.ts
FN:14,(anonymous_1)
FN:33,(anonymous_2)
FN:53,(anonymous_3)
FN:73,(anonymous_4)
FN:95,(anonymous_5)
FN:118,(anonymous_6)
FN:125,(anonymous_7)
FN:155,(anonymous_8)
FN:162,(anonymous_9)
FNF:9
FNH:6
FNDA:3,(anonymous_1)
FNDA:2,(anonymous_2)
FNDA:2,(anonymous_3)
FNDA:2,(anonymous_4)
FNDA:1,(anonymous_5)
FNDA:0,(anonymous_6)
FNDA:0,(anonymous_7)
FNDA:0,(anonymous_8)
FNDA:2,(anonymous_9)
DA:1,1
DA:3,1
DA:10,12
DA:15,3
DA:16,3
DA:21,3
DA:23,2
DA:25,1
DA:26,1
DA:34,2
DA:35,2
DA:41,2
DA:42,1
DA:44,1
DA:45,1
DA:54,2
DA:55,2
DA:62,2
DA:63,1
DA:65,1
DA:66,1
DA:74,2
DA:75,2
DA:84,2
DA:85,1
DA:87,1
DA:88,1
DA:96,1
DA:97,1
DA:107,1
DA:108,1
DA:110,0
DA:111,0
DA:119,0
DA:126,0
DA:128,0
DA:130,0
DA:132,0
DA:144,0
DA:145,0
DA:147,0
DA:148,0
DA:156,0
DA:163,2
DA:164,2
DA:169,2
DA:170,1
DA:172,1
DA:173,1
LF:49
LH:37
BRDA:21,0,0,1
BRDA:21,0,1,2
BRDA:23,1,0,2
BRDA:23,1,1,0
BRDA:41,2,0,1
BRDA:41,2,1,1
BRDA:62,3,0,1
BRDA:62,3,1,1
BRDA:84,4,0,1
BRDA:84,4,1,1
BRDA:107,5,0,0
BRDA:107,5,1,1
BRDA:130,6,0,0
BRDA:130,6,1,0
BRDA:144,7,0,0
BRDA:144,7,1,0
BRDA:169,8,0,1
BRDA:169,8,1,1
BRF:18
BRH:12
end_of_record
TN:
SF:src\lib\supabase.ts
FN:27,crearClienteSupabaseServidor
FNF:1
FNH:0
FNDA:0,crearClienteSupabaseServidor
DA:1,0
DA:9,0
DA:10,0
DA:12,0
DA:13,0
DA:18,0
DA:27,0
DA:28,0
LF:8
LH:0
BRDA:12,0,0,0
BRDA:12,0,1,0
BRDA:12,1,0,0
BRDA:12,1,1,0
BRF:4
BRH:0
end_of_record
TN:
SF:src\lib\utilidades.ts
FN:15,formatearFecha
FN:29,formatearTiempoRelativo
FN:59,obtenerUrlScriptPublico
FN:67,obtenerScriptTag
FN:75,validarJavaScript
FN:91,envolverEnIIFE
FN:95,(anonymous_16)
FN:105,truncar
FN:113,copiarAlPortapapeles
FNF:9
FNH:7
FNDA:2,formatearFecha
FNDA:4,formatearTiempoRelativo
FNDA:5,obtenerUrlScriptPublico
FNDA:3,obtenerScriptTag
FNDA:5,validarJavaScript
FNDA:6,envolverEnIIFE
FNDA:7,(anonymous_16)
FNDA:0,truncar
FNDA:0,copiarAlPortapapeles
DA:1,2
DA:9,2
DA:10,2
DA:15,2
DA:16,2
DA:17,2
DA:29,4
DA:30,4
DA:31,4
DA:32,4
DA:34,4
DA:35,1
DA:38,3
DA:39,3
DA:40,1
DA:43,2
DA:44,2
DA:45,1
DA:48,1
DA:49,1
DA:50,1
DA:53,0
DA:59,2
DA:60,5
DA:61,5
DA:67,3
DA:68,3
DA:69,3
DA:75,5
DA:76,5
DA:78,5
DA:79,3
DA:81,2
DA:82,2
DA:84,0
DA:91,6
DA:92,6
DA:95,7
DA:105,0
DA:106,0
DA:107,0
DA:113,0
DA:114,0
DA:115,0
DA:116,0
DA:119,0
DA:120,0
DA:121,0
DA:122,0
DA:123,0
DA:124,0
DA:125,0
DA:126,0
DA:127,0
LF:54
LH:36
BRDA:34,0,0,1
BRDA:34,0,1,3
BRDA:39,1,0,1
BRDA:39,1,1,2
BRDA:40,2,0,1
BRDA:40,2,1,0
BRDA:44,3,0,1
BRDA:44,3,1,1
BRDA:45,4,0,1
BRDA:45,4,1,0
BRDA:49,5,0,1
BRDA:49,5,1,0
BRDA:50,6,0,1
BRDA:50,6,1,0
BRDA:60,7,0,5
BRDA:60,7,1,5
BRDA:81,8,0,2
BRDA:81,8,1,0
BRDA:106,9,0,0
BRDA:106,9,1,0
BRF:20
BRH:13
end_of_record
